\BOOKMARK [1][-]{Doc-Start}{Problem statement}{}% 1
\BOOKMARK [1][-]{section*.1}{Acknowledgements}{}% 2
\BOOKMARK [1][-]{section*.2}{Abstract}{}% 3
\BOOKMARK [0][-]{chapter.1}{Introduction}{}% 4
\BOOKMARK [1][-]{section.1.1}{Motivation}{chapter.1}% 5
\BOOKMARK [1][-]{section.1.2}{Project Scope and Goal}{chapter.1}% 6
\BOOKMARK [1][-]{section.1.3}{Problem Statement Interpretaion and Approach}{chapter.1}% 7
\BOOKMARK [1][-]{section.1.4}{Outline}{chapter.1}% 8
\BOOKMARK [0][-]{chapter.2}{Related work}{}% 9
\BOOKMARK [0][-]{chapter.3}{Background}{}% 10
\BOOKMARK [1][-]{section.3.1}{Energy measurement}{chapter.3}% 11
\BOOKMARK [1][-]{section.3.2}{NEON}{chapter.3}% 12
\BOOKMARK [1][-]{section.3.3}{OMSSSSSS}{chapter.3}% 13
\BOOKMARK [1][-]{section.3.4}{Hetrognous multi-processing}{chapter.3}% 14
\BOOKMARK [1][-]{section.3.5}{Arendale Board}{chapter.3}% 15
\BOOKMARK [2][-]{subsection.3.5.1}{ARM Cortex-A15}{section.3.5}% 16
\BOOKMARK [2][-]{subsection.3.5.2}{ARM Mali T604}{section.3.5}% 17
\BOOKMARK [1][-]{section.3.6}{Odroid}{chapter.3}% 18
\BOOKMARK [2][-]{subsection.3.6.1}{ARM Cortex-A15}{section.3.6}% 19
\BOOKMARK [2][-]{subsection.3.6.2}{ARM Cortex-A7}{section.3.6}% 20
\BOOKMARK [2][-]{subsection.3.6.3}{ARM Mali T628}{section.3.6}% 21
\BOOKMARK [1][-]{section.3.7}{Algorithms}{chapter.3}% 22
\BOOKMARK [0][-]{chapter.4}{Setup and Methodology}{}% 23
\BOOKMARK [0][-]{chapter.5}{Implementation}{}% 24
\BOOKMARK [0][-]{chapter.6}{Result and Discussion}{}% 25
\BOOKMARK [0][-]{chapter.7}{Conclution}{}% 26
\BOOKMARK [0][-]{chapter.8}{Future Work}{}% 27
\BOOKMARK [0][-]{appendix.A}{Implementation}{}% 28
\BOOKMARK [1][-]{section.A.1}{Introduction}{appendix.A}% 29
\BOOKMARK [2][-]{subsection.A.1.1}{Program 1}{section.A.1}% 30
\BOOKMARK [0][-]{subsection.A.1.1}{Bibliography}{}% 31
\BOOKMARK [0][-]{appendix*.5}{Curriculum Vitae}{}% 32
